{"name": "test_02", "status": "failed", "statusDetails": {"message": "AssertionError: assert 1 == 2", "trace": "@allure.feature(\"test_02\")\n    def test_02():\n>       assert 1==2\nE       assert 1 == 2\n\ntestCase\\test_check_report.py:18: AssertionError"}, "start": 1632996118281, "stop": 1632996118281, "uuid": "dc7aeec3-9deb-4ef9-84ee-b54b309ac685", "historyId": "5f4218f27eedaf65f56ba342136d6511", "testCaseId": "ab4f09845ee786a23fa33fd96108be0e", "fullName": "testCase.test_check_report#test_02", "labels": [{"name": "feature", "value": "test_02"}, {"name": "parentSuite", "value": "testCase"}, {"name": "suite", "value": "test_check_report"}, {"name": "host", "value": "qiquan"}, {"name": "thread", "value": "5368-MainThread"}, {"name": "framework", "value": "pytest"}, {"name": "language", "value": "cpython3"}, {"name": "package", "value": "testCase.test_check_report"}]}